<?xml version="1.0" encoding="UTF-8"?>
<!-- Generated by org.testng.reporters.JUnitReportReporter -->
<testsuite hostname="DESKTOP-MVNO6IQ" failures="0" tests="1" name="TestCases.VerifyRegisterAndLogin" time="13.931" errors="0" timestamp="2023-03-19T13:08:28 IST" skipped="0">
  <testcase classname="TestCases.VerifyRegisterAndLogin" name="registerAndLogin" time="13.931"/>
  <system-out/>
</testsuite> <!-- TestCases.VerifyRegisterAndLogin -->
