<?xml version="1.0" encoding="UTF-8"?>
<!-- Generated by org.testng.reporters.JUnitReportReporter -->
<testsuite hostname="DESKTOP-MVNO6IQ" failures="0" tests="1" name="TestCases.VerifyHeader" time="52.256" errors="0" timestamp="2023-03-05T14:42:35 IST" skipped="0">
  <testcase classname="TestCases.VerifyHeader" name="Header" time="52.256"/>
  <system-out/>
</testsuite> <!-- TestCases.VerifyHeader -->
