<?xml version="1.0" encoding="UTF-8"?>
<!-- Generated by org.testng.reporters.JUnitReportReporter -->
<testsuite hostname="DESKTOP-MVNO6IQ" failures="0" tests="1" name="TestCases.VerifyRegister" time="19.803" errors="0" timestamp="2023-03-16T12:05:46 IST" skipped="0">
  <testcase classname="TestCases.VerifyRegister" name="register" time="19.803"/>
  <system-out/>
</testsuite> <!-- TestCases.VerifyRegister -->
