<?xml version="1.0" encoding="UTF-8"?>
<!-- Generated by org.testng.reporters.JUnitReportReporter -->
<testsuite hostname="DESKTOP-MVNO6IQ" failures="0" tests="1" name="TestCases.VerifyFooter" time="24.811" errors="0" timestamp="2023-03-29T13:26:33 IST" skipped="0">
  <testcase classname="TestCases.VerifyFooter" name="footer" time="24.811"/>
  <system-out/>
</testsuite> <!-- TestCases.VerifyFooter -->
