<?xml version="1.0" encoding="UTF-8"?>
<!-- Generated by org.testng.reporters.JUnitReportReporter -->
<testsuite hostname="DESKTOP-MVNO6IQ" failures="0" tests="1" name="TestCases.Verifycart" time="14.667" errors="0" timestamp="2023-03-05T14:42:35 IST" skipped="0">
  <testcase classname="TestCases.Verifycart" name="cart" time="14.667"/>
  <system-out/>
</testsuite> <!-- TestCases.Verifycart -->
