<?xml version="1.0" encoding="UTF-8"?>
<!-- Generated by org.testng.reporters.JUnitReportReporter -->
<testsuite hostname="DESKTOP-MVNO6IQ" failures="0" tests="1" name="TestCases.VerifyHeader" time="15.376" errors="0" timestamp="2023-03-29T13:26:33 IST" skipped="0">
  <testcase classname="TestCases.VerifyHeader" name="Header" time="15.376"/>
  <system-out/>
</testsuite> <!-- TestCases.VerifyHeader -->
