<?xml version="1.0" encoding="UTF-8"?>
<!-- Generated by org.testng.reporters.JUnitReportReporter -->
<testsuite hostname="DESKTOP-MVNO6IQ" failures="0" tests="1" name="TestCases.VerifyMenubar" time="18.520" errors="0" timestamp="2023-03-05T14:39:42 IST" skipped="0">
  <testcase classname="TestCases.VerifyMenubar" name="MenuBar" time="18.520"/>
  <system-out/>
</testsuite> <!-- TestCases.VerifyMenubar -->
