<?xml version="1.0" encoding="UTF-8"?>
<!-- Generated by org.testng.reporters.JUnitReportReporter -->
<testsuite hostname="DESKTOP-MVNO6IQ" failures="0" tests="1" name="TestCases.VerifyRegisterAndLogin" time="19.620" errors="0" timestamp="2023-03-28T10:33:03 IST" skipped="0">
  <testcase classname="TestCases.VerifyRegisterAndLogin" name="registerAndLogin" time="19.620"/>
  <system-out/>
</testsuite> <!-- TestCases.VerifyRegisterAndLogin -->
